<?xml version="1.0" encoding="UTF-8"?>
<testng-results ignored="0" total="2" passed="2" failed="0" skipped="0">
  <reporter-output>
  </reporter-output>
  <suite started-at="2024-06-06T16:33:42 IST" name="Default suite" finished-at="2024-06-06T16:33:42 IST" duration-ms="88">
    <groups>
    </groups>
    <test started-at="2024-06-06T16:33:42 IST" name="Default test" finished-at="2024-06-06T16:33:42 IST" duration-ms="88">
      <class name="pac1_maven.ContactTest">
        <test-method signature="createContactTest()[pri:0, instance:pac1_maven.ContactTest@32eff876]" started-at="2024-06-06T16:33:42 IST" name="createContactTest" finished-at="2024-06-06T16:33:42 IST" duration-ms="19" status="PASS">
          <reporter-output>
          </reporter-output>
        </test-method> <!-- createContactTest -->
        <test-method signature="modifyContactTest()[pri:0, instance:pac1_maven.ContactTest@32eff876]" started-at="2024-06-06T16:33:42 IST" name="modifyContactTest" finished-at="2024-06-06T16:33:42 IST" duration-ms="3" status="PASS">
          <reporter-output>
          </reporter-output>
        </test-method> <!-- modifyContactTest -->
      </class> <!-- pac1_maven.ContactTest -->
    </test> <!-- Default test -->
  </suite> <!-- Default suite -->
</testng-results>
